This file contains any messages produced by compilers while
running configure, to aid debugging if configure makes a mistake.

It was created by python configure 3.8, which was
generated by GNU Autoconf 2.69.  Invocation command line was

  $ /Users/chaosm/PycharmProjects/androidKivy1/.buildozer/android/platform/build-arm64-v8a_armeabi-v7a/build/other_builds/hostpython3/desktop/hostpython3/configure 

## --------- ##
## Platform. ##
## --------- ##

hostname = 192.168.1.50
uname -m = x86_64
uname -r = 21.5.0
uname -s = Darwin
uname -v = Darwin Kernel Version 21.5.0: Tue Apr 26 21:08:29 PDT 2022; root:xnu-8020.121.3~4/RELEASE_ARM64_T8101

/usr/bin/uname -p = i386
/bin/uname -X     = unknown

/bin/arch              = unknown
/usr/bin/arch -k       = unknown
/usr/convex/getsysinfo = unknown
/usr/bin/hostinfo      = Mach kernel version:
	 Darwin Kernel Version 21.5.0: Tue Apr 26 21:08:29 PDT 2022; root:xnu-8020.121.3~4/RELEASE_ARM64_T8101
Kernel configured for up to 8 processors.
8 processors are physically available.
8 processors are logically available.
Processor type: i486 (Intel 80486)
Processors active: 0 1 2 3 4 5 6 7
Primary memory available: 8.00 gigabytes
Default processor set: 390 tasks, 1997 threads, 8 processors
Load average: 1.45, Mach factor: 6.56
/bin/machine           = unknown
/usr/bin/oslevel       = unknown
/bin/universe          = unknown

PATH: /Users/chaosm/.buildozer/android/platform/android-ndk-r19c/toolchains/aarch64-linux-android-4.9/prebuilt/darwin-x86/bin/
PATH: /Users/chaosm/.buildozer/android/platform/android-ndk-r19c/toolchains/aarch64-linux-android-4.9/prebuilt/darwin-x86_64/bin/
PATH: /Users/chaosm/.buildozer/android/platform/android-ndk-r19c
PATH: /Users/chaosm/.buildozer/android/platform/android-sdk/tools
PATH: /Users/chaosm/.buildozer/android/platform/android-ndk-r19c/toolchains/arm-linux-androideabi-4.9/prebuilt/darwin-x86/bin/
PATH: /Users/chaosm/.buildozer/android/platform/android-ndk-r19c/toolchains/arm-linux-androideabi-4.9/prebuilt/darwin-x86_64/bin/
PATH: /Users/chaosm/.buildozer/android/platform/android-ndk-r19c
PATH: /Users/chaosm/.buildozer/android/platform/android-sdk/tools
PATH: /Users/chaosm/.buildozer/android/platform/apache-ant-1.9.4/bin
PATH: /Users/chaosm/PycharmProjects/androidKivy1/venv/bin
PATH: /Users/chaosm/.nvm/versions/node/v14.18.1/bin
PATH: /usr/local/bin
PATH: /usr/bin
PATH: /bin
PATH: /usr/sbin
PATH: /sbin
PATH: /Library/Apple/usr/bin


## ----------- ##
## Core tests. ##
## ----------- ##

configure:2808: checking build system type
configure:2822: result: x86_64-apple-darwin21.5.0
configure:2842: checking host system type
configure:2855: result: x86_64-apple-darwin21.5.0
configure:2885: checking for python3.8
configure:2915: result: no
configure:2885: checking for python3
configure:2901: found /Users/chaosm/PycharmProjects/androidKivy1/venv/bin/python3
configure:2912: result: python3
configure:3006: checking for --enable-universalsdk
configure:3053: result: no
configure:3076: checking for --with-universal-archs
configure:3091: result: no
configure:3247: checking MACHDEP
configure:3298: result: "darwin"
configure:3592: checking for gcc
configure:3608: found /usr/bin/gcc
configure:3619: result: gcc
configure:3848: checking for C compiler version
configure:3857: gcc --version >&5
Apple clang version 13.1.6 (clang-1316.0.21.2.5)
Target: x86_64-apple-darwin21.5.0
Thread model: posix
InstalledDir: /Applications/Xcode.app/Contents/Developer/Toolchains/XcodeDefault.xctoolchain/usr/bin
configure:3868: $? = 0
configure:3857: gcc -v >&5
Apple clang version 13.1.6 (clang-1316.0.21.2.5)
Target: x86_64-apple-darwin21.5.0
Thread model: posix
InstalledDir: /Applications/Xcode.app/Contents/Developer/Toolchains/XcodeDefault.xctoolchain/usr/bin
configure:3868: $? = 0
configure:3857: gcc -V >&5
clang: error: argument to '-V' is missing (expected 1 value)
clang: error: no input files
configure:3868: $? = 1
configure:3857: gcc -qversion >&5
clang: error: unknown argument '-qversion'; did you mean '--version'?
clang: error: no input files
configure:3868: $? = 1
configure:3888: checking whether the C compiler works
configure:3910: gcc    conftest.c  >&5
configure:3914: $? = 0
configure:3962: result: yes
configure:3965: checking for C compiler default output file name
configure:3967: result: a.out
configure:3973: checking for suffix of executables
configure:3980: gcc -o conftest    conftest.c  >&5
configure:3984: $? = 0
configure:4006: result: 
configure:4028: checking whether we are cross compiling
configure:4036: gcc -o conftest    conftest.c  >&5
configure:4040: $? = 0
configure:4047: ./conftest
configure:4051: $? = 0
configure:4066: result: no
configure:4071: checking for suffix of object files
configure:4093: gcc -c   conftest.c >&5
configure:4097: $? = 0
configure:4118: result: o
configure:4122: checking whether we are using the GNU C compiler
configure:4141: gcc -c   conftest.c >&5
configure:4141: $? = 0
configure:4150: result: yes
configure:4159: checking whether gcc accepts -g
configure:4179: gcc -c -g  conftest.c >&5
configure:4179: $? = 0
configure:4220: result: yes
configure:4237: checking for gcc option to accept ISO C89
configure:4300: gcc  -c   conftest.c >&5
configure:4300: $? = 0
configure:4313: result: none needed
configure:4338: checking how to run the C preprocessor
configure:4369: gcc -E  conftest.c
configure:4369: $? = 0
configure:4383: gcc -E  conftest.c
conftest.c:8:10: fatal error: 'ac_nonexistent.h' file not found
#include <ac_nonexistent.h>
         ^~~~~~~~~~~~~~~~~~
1 error generated.
configure:4383: $? = 1
configure: failed program was:
| /* confdefs.h */
| #define _GNU_SOURCE 1
| #define _NETBSD_SOURCE 1
| #define __BSD_VISIBLE 1
| #define _DARWIN_C_SOURCE 1
| #define _PYTHONFRAMEWORK ""
| /* end confdefs.h.  */
| #include <ac_nonexistent.h>
configure:4408: result: gcc -E
configure:4428: gcc -E  conftest.c
configure:4428: $? = 0
configure:4442: gcc -E  conftest.c
conftest.c:8:10: fatal error: 'ac_nonexistent.h' file not found
#include <ac_nonexistent.h>
         ^~~~~~~~~~~~~~~~~~
1 error generated.
configure:4442: $? = 1
configure: failed program was:
| /* confdefs.h */
| #define _GNU_SOURCE 1
| #define _NETBSD_SOURCE 1
| #define __BSD_VISIBLE 1
| #define _DARWIN_C_SOURCE 1
| #define _PYTHONFRAMEWORK ""
| /* end confdefs.h.  */
| #include <ac_nonexistent.h>
configure:4470: checking for grep that handles long lines and -e
configure:4528: result: /usr/bin/grep
configure:4533: checking for a sed that does not truncate output
configure:4597: result: /usr/bin/sed
configure:4605: checking for --with-cxx-main=<compiler>
configure:4631: result: no
configure:4684: checking for g++
configure:4717: result: no
configure:5149:

  By default, distutils will build C++ extension modules with "g++".
  If this is not intended, then set CXX on the configure command line.
  
configure:5161: checking for the platform triplet based on compiler characteristics
configure:5311: result: darwin
configure:5321: error: internal configure error for the platform triplet, please file a bug report

## ---------------- ##
## Cache variables. ##
## ---------------- ##

ac_cv_build=x86_64-apple-darwin21.5.0
ac_cv_c_compiler_gnu=yes
ac_cv_env_CC_set=
ac_cv_env_CC_value=
ac_cv_env_CFLAGS_set=
ac_cv_env_CFLAGS_value=
ac_cv_env_CPPFLAGS_set=
ac_cv_env_CPPFLAGS_value=
ac_cv_env_CPP_set=
ac_cv_env_CPP_value=
ac_cv_env_LDFLAGS_set=
ac_cv_env_LDFLAGS_value=
ac_cv_env_LIBS_set=
ac_cv_env_LIBS_value=
ac_cv_env_MACHDEP_set=
ac_cv_env_MACHDEP_value=
ac_cv_env_PKG_CONFIG_LIBDIR_set=
ac_cv_env_PKG_CONFIG_LIBDIR_value=
ac_cv_env_PKG_CONFIG_PATH_set=
ac_cv_env_PKG_CONFIG_PATH_value=
ac_cv_env_PKG_CONFIG_set=
ac_cv_env_PKG_CONFIG_value=
ac_cv_env_PROFILE_TASK_set=
ac_cv_env_PROFILE_TASK_value=
ac_cv_env_build_alias_set=
ac_cv_env_build_alias_value=
ac_cv_env_host_alias_set=
ac_cv_env_host_alias_value=
ac_cv_env_target_alias_set=
ac_cv_env_target_alias_value=
ac_cv_host=x86_64-apple-darwin21.5.0
ac_cv_objext=o
ac_cv_path_GREP=/usr/bin/grep
ac_cv_path_SED=/usr/bin/sed
ac_cv_prog_CPP='gcc -E'
ac_cv_prog_PYTHON_FOR_REGEN=python3
ac_cv_prog_ac_ct_CC=gcc
ac_cv_prog_cc_c89=
ac_cv_prog_cc_g=yes

## ----------------- ##
## Output variables. ##
## ----------------- ##

ABIFLAGS=''
ALT_SOABI=''
AR=''
ARCH_RUN_32BIT=''
ARFLAGS=''
BASECFLAGS=''
BASECPPFLAGS='-IObjects -IInclude -IPython'
BLDLIBRARY=''
BLDSHARED=''
BUILDEXEEXT=''
CC='gcc'
CCSHARED=''
CFLAGS=''
CFLAGSFORSHARED=''
CFLAGS_ALIASING=''
CFLAGS_NODIST=''
CONFIGURE_MACOSX_DEPLOYMENT_TARGET=''
CONFIG_ARGS=''
CPP='gcc -E'
CPPFLAGS=''
CXX='g++'
DEFS=''
DEF_MAKE_ALL_RULE=''
DEF_MAKE_RULE=''
DFLAGS=''
DLINCLDIR=''
DLLLIBRARY=''
DTRACE=''
DTRACE_HEADERS=''
DTRACE_OBJS=''
DYNLOADFILE=''
ECHO_C='\c'
ECHO_N=''
ECHO_T=''
EGREP=''
ENSUREPIP=''
EXEEXT=''
EXPORT_MACOSX_DEPLOYMENT_TARGET='#'
EXT_SUFFIX=''
FRAMEWORKALTINSTALLFIRST=''
FRAMEWORKALTINSTALLLAST=''
FRAMEWORKINSTALLAPPSPREFIX=''
FRAMEWORKINSTALLFIRST=''
FRAMEWORKINSTALLLAST=''
FRAMEWORKPYTHONW=''
FRAMEWORKUNIXTOOLSPREFIX='/usr/local'
GITBRANCH=''
GITTAG=''
GITVERSION=''
GNULD=''
GREP='/usr/bin/grep'
HAS_GIT='no-repository'
HAVE_GETHOSTBYNAME=''
HAVE_GETHOSTBYNAME_R=''
HAVE_GETHOSTBYNAME_R_3_ARG=''
HAVE_GETHOSTBYNAME_R_5_ARG=''
HAVE_GETHOSTBYNAME_R_6_ARG=''
INSTALL_DATA=''
INSTALL_PROGRAM=''
INSTALL_SCRIPT=''
INSTSONAME=''
LDCXXSHARED=''
LDFLAGS=''
LDFLAGS_NODIST=''
LDLIBRARY=''
LDLIBRARYDIR=''
LDSHARED=''
LDVERSION=''
LIBC=''
LIBFFI_INCLUDEDIR=''
LIBM=''
LIBOBJS=''
LIBPL=''
LIBPYTHON=''
LIBRARY=''
LIBS=''
LIBTOOL_CRUFT=''
LINKCC=''
LINKFORSHARED=''
LIPO_32BIT_FLAGS=''
LLVM_AR=''
LLVM_AR_FOUND=''
LLVM_PROFDATA=''
LLVM_PROF_ERR=''
LLVM_PROF_FILE=''
LLVM_PROF_FOUND=''
LLVM_PROF_MERGER=''
LN=''
LTLIBOBJS=''
MACHDEP='darwin'
MACHDEP_OBJS=''
MAINCC='$(CC)'
MKDIR_P=''
MULTIARCH='x86_64-apple-darwin21.5.0'
MULTIARCH_CPPFLAGS=''
NO_AS_NEEDED=''
OBJEXT='o'
OPENSSL_INCLUDES=''
OPENSSL_LDFLAGS=''
OPENSSL_LIBS=''
OPT=''
OTHER_LIBTOOL_OPT=''
PACKAGE_BUGREPORT='https://bugs.python.org/'
PACKAGE_NAME='python'
PACKAGE_STRING='python 3.8'
PACKAGE_TARNAME='python'
PACKAGE_URL=''
PACKAGE_VERSION='3.8'
PATH_SEPARATOR=':'
PGO_PROF_GEN_FLAG=''
PGO_PROF_USE_FLAG=''
PKG_CONFIG=''
PKG_CONFIG_LIBDIR=''
PKG_CONFIG_PATH=''
PLATFORM_TRIPLET='darwin'
PROFILE_TASK=''
PY3LIBRARY=''
PYTHONFRAMEWORK=''
PYTHONFRAMEWORKDIR='no-framework'
PYTHONFRAMEWORKIDENTIFIER='org.python.python'
PYTHONFRAMEWORKINSTALLDIR=''
PYTHONFRAMEWORKPREFIX=''
PYTHON_FOR_BUILD='./$(BUILDPYTHON) -E'
PYTHON_FOR_REGEN='python3'
PY_ENABLE_SHARED=''
READELF=''
RUNSHARED=''
SED='/usr/bin/sed'
SHELL='/bin/sh'
SHLIBS=''
SHLIB_SUFFIX=''
SOABI=''
SOVERSION='1.0'
SRCDIRS=''
TCLTK_INCLUDES=''
TCLTK_LIBS=''
THREADHEADERS=''
TRUE=''
UNIVERSALSDK=''
UNIVERSAL_ARCH_FLAGS=''
VERSION='3.8'
_PYTHON_HOST_PLATFORM=''
ac_ct_AR=''
ac_ct_CC='gcc'
ac_ct_CXX=''
ac_ct_READELF=''
bindir='${exec_prefix}/bin'
build='x86_64-apple-darwin21.5.0'
build_alias=''
build_cpu='x86_64'
build_os='darwin21.5.0'
build_vendor='apple'
datadir='${datarootdir}'
datarootdir='${prefix}/share'
docdir='${datarootdir}/doc/${PACKAGE_TARNAME}'
dvidir='${docdir}'
exec_prefix='NONE'
host='x86_64-apple-darwin21.5.0'
host_alias=''
host_cpu='x86_64'
host_os='darwin21.5.0'
host_vendor='apple'
htmldir='${docdir}'
includedir='${prefix}/include'
infodir='${datarootdir}/info'
libdir='${exec_prefix}/lib'
libexecdir='${exec_prefix}/libexec'
localedir='${datarootdir}/locale'
localstatedir='${prefix}/var'
mandir='${datarootdir}/man'
oldincludedir='/usr/include'
pdfdir='${docdir}'
prefix='NONE'
program_transform_name='s,x,x,'
psdir='${docdir}'
sbindir='${exec_prefix}/sbin'
sharedstatedir='${prefix}/com'
sysconfdir='${prefix}/etc'
target_alias=''

## ----------- ##
## confdefs.h. ##
## ----------- ##

/* confdefs.h */
#define _GNU_SOURCE 1
#define _NETBSD_SOURCE 1
#define __BSD_VISIBLE 1
#define _DARWIN_C_SOURCE 1
#define _PYTHONFRAMEWORK ""

configure: exit 1
